#
# A fatal error has been detected by the Java Runtime Environment:
#
#  EXCEPTION_ACCESS_VIOLATION (0xc0000005) at pc=0x000000007322c750, pid=5476, tid=3004
#
# JRE version: 6.0_17-b04
# Java VM: Java HotSpot(TM) 64-Bit Server VM (14.3-b01 mixed mode windows-amd64 )
# Problematic frame:
# C  0x000000007322c750
#
# If you would like to submit a bug report, please visit:
#   http://java.sun.com/webapps/bugreport/crash.jsp
# The crash happened outside the Java Virtual Machine in native code.
# See problematic frame for where to report the bug.
#

---------------  T H R E A D  ---------------

Current thread (0x000000000efc4000):  JavaThread "AWT-EventQueue-0" [_thread_in_native, id=3004, stack(0x0000000014fe0000,0x0000000015060000)]

siginfo: ExceptionCode=0xc0000005, reading address 0x0000000000000008

Registers:
EAX=0x000000000000000d, EBX=0x000000000efc41b8, ECX=0x0000000000000000, EDX=0xffffffffe80110f8
ESP=0x000000001505e418, EBP=0x000000006ceac4c0, ESI=0x000000000efc41b8, EDI=0x000000006c922fd0
EIP=0x000000007322c750, EFLAGS=0x0000000000010202

Top of Stack: (sp=0x000000001505e418)
0x000000001505e418:   00000000731d589c 0000000000000000
0x000000001505e428:   000000000efc41b8 000000006ceac4c0
0x000000001505e438:   000000000efc41b8 000000004655ca38
0x000000001505e448:   000000000efc41b8 00000000380ca528
0x000000001505e458:   00000000731b3810 000000000efc41b8
0x000000001505e468:   000000001505eb10 000000001505eae8
0x000000001505e478:   000000006ceac4c0 000000000000001c
0x000000001505e488:   00000000731d2151 0000000000000014
0x000000001505e498:   000000001505eaf0 0000000000000000
0x000000001505e4a8:   000000001505eae8 0000000046573be8
0x000000001505e4b8:   0000000046573be8 000000004655c890
0x000000001505e4c8:   00000000313c5ac2 0000000034a10ca8
0x000000001505e4d8:   0000000000000001 000000003ed324c0
0x000000001505e4e8:   0000000100000000 0000000000000000
0x000000001505e4f8:   0000000000000011 0000000000000003
0x000000001505e508:   0000000000000000 0000000000000000 

Instructions: (pc=0x000000007322c750)
0x000000007322c740:   48 8b 41 08 48 8b 80 18 0c 00 00 c3 cc cc cc cc
0x000000007322c750:   48 8b 49 08 48 85 c9 74 05 e9 72 f6 fd ff 33 c0 


Stack: [0x0000000014fe0000,0x0000000015060000],  sp=0x000000001505e418,  free space=505k
Native frames: (J=compiled Java code, j=interpreted, Vv=VM code, C=native code)
C  0x000000007322c750

Java frames: (J=compiled Java code, j=interpreted, Vv=VM code)
J  sun.java2d.windows.GDIBlitLoops.nativeBlit(Lsun/java2d/SurfaceData;Lsun/java2d/SurfaceData;Lsun/java2d/pipe/Region;IIIIIIIIIZ)V
J  sun.java2d.windows.GDIBlitLoops.Blit(Lsun/java2d/SurfaceData;Lsun/java2d/SurfaceData;Ljava/awt/Composite;Lsun/java2d/pipe/Region;IIIIII)V
J  sun.java2d.pipe.DrawImage.copyImage(Lsun/java2d/SunGraphics2D;Ljava/awt/Image;IILjava/awt/Color;Ljava/awt/image/ImageObserver;)Z
J  sun.java2d.SunGraphics2D.drawImage(Ljava/awt/Image;IILjava/awt/Color;Ljava/awt/image/ImageObserver;)Z
J  javax.swing.RepaintManager$PaintManager.paintDoubleBuffered(Ljavax/swing/JComponent;Ljava/awt/Image;Ljava/awt/Graphics;IIII)V
J  javax.swing.RepaintManager$PaintManager.paint(Ljavax/swing/JComponent;Ljavax/swing/JComponent;Ljava/awt/Graphics;IIII)Z
J  javax.swing.BufferStrategyPaintManager.paint(Ljavax/swing/JComponent;Ljavax/swing/JComponent;Ljava/awt/Graphics;IIII)Z
j  javax.swing.RepaintManager.paint(Ljavax/swing/JComponent;Ljavax/swing/JComponent;Ljava/awt/Graphics;IIII)V+52
J  javax.swing.JComponent.paint(Ljava/awt/Graphics;)V
j  java.awt.GraphicsCallback$PaintCallback.run(Ljava/awt/Component;Ljava/awt/Graphics;)V+2
j  sun.awt.SunGraphicsCallback.runOneComponent(Ljava/awt/Component;Ljava/awt/Rectangle;Ljava/awt/Graphics;Ljava/awt/Shape;I)V+155
j  sun.awt.SunGraphicsCallback.runComponents([Ljava/awt/Component;Ljava/awt/Graphics;I)V+104
j  java.awt.Container.paint(Ljava/awt/Graphics;)V+73
J  javax.swing.RepaintManager.paintDirtyRegions(Ljava/util/Map;)V
J  javax.swing.SystemEventQueueUtilities$ComponentWorkRequest.run()V
J  java.awt.event.InvocationEvent.dispatch()V
J  java.awt.EventDispatchThread.pumpOneEventForFilters(I)Z
J  java.awt.EventDispatchThread.pumpEventsForFilter(ILjava/awt/Conditional;Ljava/awt/EventFilter;)V
j  java.awt.EventDispatchThread.pumpEventsForHierarchy(ILjava/awt/Conditional;Ljava/awt/Component;)V+11
j  java.awt.EventDispatchThread.pumpEvents(ILjava/awt/Conditional;)V+4
j  java.awt.EventDispatchThread.pumpEvents(Ljava/awt/Conditional;)V+3
j  java.awt.EventDispatchThread.run()V+9
v  ~StubRoutines::call_stub

---------------  P R O C E S S  ---------------

Java Threads: ( => current thread )
  0x000000006c711000 JavaThread "Timer-23" [_thread_blocked, id=3144, stack(0x0000000031030000,0x00000000310b0000)]
  0x000000006c712800 JavaThread "Prefs Updater" daemon [_thread_in_native, id=4200, stack(0x0000000018f50000,0x0000000018fd0000)]
  0x000000000e470000 JavaThread "Code Analyzer updating thread" [_thread_blocked, id=2980, stack(0x0000000018720000,0x00000000187a0000)]
  0x000000000e46f800 JavaThread "Code Analyzer updating thread" [_thread_blocked, id=2076, stack(0x0000000018d50000,0x0000000018dd0000)]
  0x000000000e46e800 JavaThread "Code Analyzer updating thread" [_thread_blocked, id=4392, stack(0x0000000018e80000,0x0000000018f00000)]
  0x000000000e46e000 JavaThread "Code Analyzer updating thread" [_thread_blocked, id=2188, stack(0x0000000018df0000,0x0000000018e70000)]
  0x000000000e46d000 JavaThread "Code Analyzer updating thread" [_thread_blocked, id=2964, stack(0x0000000018cd0000,0x0000000018d50000)]
  0x000000000e46c800 JavaThread "Code Analyzer updating thread" [_thread_blocked, id=2300, stack(0x0000000018ae0000,0x0000000018b60000)]
  0x000000000e46b800 JavaThread "Code Analyzer updating thread" [_thread_blocked, id=3372, stack(0x0000000018c50000,0x0000000018cd0000)]
  0x000000000e46b000 JavaThread "Code Analyzer updating thread" [_thread_blocked, id=3668, stack(0x0000000018b60000,0x0000000018be0000)]
  0x000000000e46a800 JavaThread "Code Analyzer updating thread" [_thread_blocked, id=1144, stack(0x0000000018a20000,0x0000000018aa0000)]
  0x000000006c70c000 JavaThread "Code Analyzer updating thread" [_thread_blocked, id=4136, stack(0x0000000018590000,0x0000000018610000)]
  0x000000000e469000 JavaThread "Code Analyzer updating thread" [_thread_blocked, id=4652, stack(0x0000000018920000,0x00000000189a0000)]
  0x000000000f2a8000 JavaThread "Code Analyzer updating thread" [_thread_blocked, id=1372, stack(0x00000000187c0000,0x0000000018840000)]
  0x000000000f29c800 JavaThread "Code Analyzer updating thread" [_thread_blocked, id=4216, stack(0x0000000018650000,0x00000000186d0000)]
  0x000000000f29b800 JavaThread "Code Analyzer updating thread" [_thread_blocked, id=2472, stack(0x00000000183e0000,0x0000000018460000)]
  0x000000000f2a7000 JavaThread "Code Analyzer updating thread" [_thread_blocked, id=4124, stack(0x0000000018180000,0x0000000018200000)]
  0x000000000f2a6800 JavaThread "Code Analyzer updating thread" [_thread_blocked, id=2352, stack(0x0000000018510000,0x0000000018590000)]
  0x000000000f2a6000 JavaThread "Code Analyzer updating thread" [_thread_blocked, id=4528, stack(0x0000000018480000,0x0000000018500000)]
  0x000000000f2a5000 JavaThread "Code Analyzer updating thread" [_thread_blocked, id=2400, stack(0x00000000182d0000,0x0000000018350000)]
  0x000000000f2a4800 JavaThread "Code Analyzer updating thread" [_thread_blocked, id=2016, stack(0x00000000180e0000,0x0000000018160000)]
  0x000000000f2a3800 JavaThread "Code Analyzer updating thread" [_thread_blocked, id=2816, stack(0x0000000018240000,0x00000000182c0000)]
  0x000000000f2a3000 JavaThread "Active Reference Queue Daemon" daemon [_thread_blocked, id=5484, stack(0x0000000065700000,0x0000000065780000)]
  0x000000000f2a1800 JavaThread "Timer-4" daemon [_thread_blocked, id=5300, stack(0x0000000054c00000,0x0000000054c80000)]
  0x000000000f2a2000 JavaThread "Timer-3" daemon [_thread_blocked, id=3772, stack(0x0000000066a70000,0x0000000066af0000)]
  0x000000000f2a0800 JavaThread "Explorer NavigationContext request queue" [_thread_blocked, id=4108, stack(0x0000000061030000,0x00000000610b0000)]
  0x000000000f29f800 JavaThread "AddressBar directory emptiness poller" [_thread_blocked, id=4116, stack(0x0000000065570000,0x00000000655f0000)]
  0x000000000f29e800 JavaThread "Explorer Refresh Service 1172980046" [_thread_blocked, id=1388, stack(0x0000000065430000,0x00000000654b0000)]
  0x000000000f29d000 JavaThread "Timer-1" daemon [_thread_blocked, id=4280, stack(0x00000000651f0000,0x0000000065270000)]
  0x000000000f29a000 JavaThread "TimerQueue" daemon [_thread_blocked, id=5224, stack(0x000000004c8f0000,0x000000004c970000)]
  0x000000000f299800 JavaThread "Thread-5" daemon [_thread_blocked, id=1532, stack(0x0000000021200000,0x0000000021280000)]
  0x000000000f299000 JavaThread "FelixPackageAdmin" daemon [_thread_blocked, id=4592, stack(0x000000000ff00000,0x000000000ff80000)]
  0x000000000f2d5800 JavaThread "FelixStartLevel" daemon [_thread_blocked, id=5100, stack(0x0000000048850000,0x00000000488d0000)]
  0x000000000f0e4800 JavaThread "FelixDispatchQueue" daemon [_thread_blocked, id=1576, stack(0x00000000487d0000,0x0000000048850000)]
=>0x000000000efc4000 JavaThread "AWT-EventQueue-0" [_thread_in_native, id=3004, stack(0x0000000014fe0000,0x0000000015060000)]
  0x000000000ef00000 JavaThread "com.google.common.base.internal.Finalizer" daemon [_thread_blocked, id=2060, stack(0x0000000010ee0000,0x0000000010f60000)]
  0x000000000eeae000 JavaThread "AWT-Windows" daemon [_thread_in_native, id=3104, stack(0x000000000fb30000,0x000000000fbb0000)]
  0x000000000eead800 JavaThread "AWT-Shutdown" [_thread_blocked, id=3520, stack(0x000000000faa0000,0x000000000fb20000)]
  0x000000000eeac800 JavaThread "Java2D Disposer" daemon [_thread_blocked, id=3000, stack(0x000000000fc60000,0x000000000fce0000)]
  0x000000000eb2a000 JavaThread "Timer-0" [_thread_blocked, id=4032, stack(0x000000000fa20000,0x000000000faa0000)]
  0x000000000e9e3800 JavaThread "EventMgr Dispatcher" daemon [_thread_in_native, id=4244, stack(0x00000000086f0000,0x000000000c6f0000)]
  0x000000000da32800 JavaThread "Low Memory Detector" daemon [_thread_blocked, id=5744, stack(0x000000000dd70000,0x000000000ddf0000)]
  0x000000000da2a800 JavaThread "CompilerThread1" daemon [_thread_blocked, id=5404, stack(0x00000000610d0000,0x00000000650d0000)]
  0x000000000da23800 JavaThread "CompilerThread0" daemon [_thread_blocked, id=4252, stack(0x000000005cf00000,0x0000000060f00000)]
  0x000000000da1e800 JavaThread "Attach Listener" daemon [_thread_blocked, id=5760, stack(0x000000000dc00000,0x000000000dc80000)]
  0x000000000d9c3800 JavaThread "Finalizer" daemon [_thread_blocked, id=5212, stack(0x000000000dcb0000,0x000000000dd30000)]
  0x000000000d9c2800 JavaThread "Reference Handler" daemon [_thread_blocked, id=5384, stack(0x000000000db20000,0x000000000dba0000)]
  0x0000000005ab5800 JavaThread "main" [_thread_in_native, id=3228, stack(0x00000000001b0000,0x00000000041b0000)]

Other Threads:
  0x0000000005b6f000 VMThread [stack: 0x0000000058d80000,0x000000005cd80000] [id=6140]
  0x000000000da65000 WatcherThread [stack: 0x0000000080000000,0x0000000084000000] [id=4068]

VM state:not at safepoint (normal execution)

VM Mutex/Monitor currently owned by a thread: None

Heap
 PSYoungGen      total 16064K, used 15598K [0x00000000456c0000, 0x00000000466c0000, 0x00000000487c0000)
  eden space 15744K, 98% used [0x00000000456c0000,0x00000000465e3960,0x0000000046620000)
  from space 320K, 30% used [0x0000000046670000,0x0000000046688000,0x00000000466c0000)
  to   space 320K, 0% used [0x0000000046620000,0x0000000046620000,0x0000000046670000)
 PSOldGen        total 150528K, used 135035K [0x000000003c3c0000, 0x00000000456c0000, 0x00000000456c0000)
  object space 150528K, 89% used [0x000000003c3c0000,0x000000004479efc8,0x00000000456c0000)
 PSPermGen       total 118144K, used 62713K [0x00000000343c0000, 0x000000003b720000, 0x000000003c3c0000)
  object space 118144K, 53% used [0x00000000343c0000,0x00000000380fe7b0,0x000000003b720000)

Dynamic libraries:
0x000000013fcb0000 - 0x000000013fcdd000 	C:\Program Files\MATLAB\R2012b-64\bin\win64\MATLAB.exe
0x00000000772e0000 - 0x000000007748c000 	C:\Windows\SYSTEM32\ntdll.dll
0x00000000771c0000 - 0x00000000772df000 	C:\Windows\system32\kernel32.dll
0x000007fefdab0000 - 0x000007fefdb1c000 	C:\Windows\system32\KERNELBASE.dll
0x0000000074460000 - 0x000000007451f000 	C:\Program Files\MATLAB\R2012b-64\bin\win64\libut.dll
0x00000000758a0000 - 0x000000007595c000 	C:\Program Files\MATLAB\R2012b-64\bin\win64\libmwi18n.dll
0x0000000180000000 - 0x000000018000b000 	C:\Program Files\MATLAB\R2012b-64\bin\win64\libmwresource_core.dll
0x0000000070f20000 - 0x0000000070ff3000 	C:\Windows\WinSxS\amd64_microsoft.vc90.crt_1fc8b3b9a1e18e3b_9.0.30729.6161_none_08e61857a83bc251\MSVCP90.dll
0x00000000715a0000 - 0x0000000071643000 	C:\Windows\WinSxS\amd64_microsoft.vc90.crt_1fc8b3b9a1e18e3b_9.0.30729.6161_none_08e61857a83bc251\MSVCR90.dll
0x000000007a170000 - 0x000000007a19c000 	C:\Program Files\MATLAB\R2012b-64\bin\win64\boost_filesystem-vc90-mt-1_44.dll
0x000000007a560000 - 0x000000007a569000 	C:\Program Files\MATLAB\R2012b-64\bin\win64\boost_system-vc90-mt-1_44.dll
0x000007feff400000 - 0x000007feff4db000 	C:\Windows\system32\ADVAPI32.dll
0x000007fefe1d0000 - 0x000007fefe26f000 	C:\Windows\system32\msvcrt.dll
0x000007fefdb20000 - 0x000007fefdb3f000 	C:\Windows\SYSTEM32\sechost.dll
0x000007fefdeb0000 - 0x000007fefdfde000 	C:\Windows\system32\RPCRT4.dll
0x000000007a010000 - 0x000000007a035000 	C:\Program Files\MATLAB\R2012b-64\bin\win64\LIBEXPAT.dll
0x0000000068860000 - 0x0000000068a51000 	C:\Program Files\MATLAB\R2012b-64\bin\win64\icuin44.dll
0x0000000068ae0000 - 0x0000000068c51000 	C:\Program Files\MATLAB\R2012b-64\bin\win64\icuuc44.dll
0x0000000010000000 - 0x0000000010e41000 	C:\Program Files\MATLAB\R2012b-64\bin\win64\icudt44.dll
0x0000000073f70000 - 0x000000007411d000 	C:\Program Files\MATLAB\R2012b-64\bin\win64\libmwfl.dll
0x0000000004400000 - 0x00000000047b6000 	C:\Program Files\MATLAB\R2012b-64\bin\win64\libmwMATLAB_res.dll
0x000000007a3b0000 - 0x000000007a3c0000 	C:\Program Files\MATLAB\R2012b-64\bin\win64\boost_date_time-vc90-mt-1_44.dll
0x000000007a250000 - 0x000000007a263000 	C:\Program Files\MATLAB\R2012b-64\bin\win64\boost_signals-vc90-mt-1_44.dll
0x000000007a2d0000 - 0x000000007a2e2000 	C:\Program Files\MATLAB\R2012b-64\bin\win64\boost_thread-vc90-mt-1_44.dll
0x00000000041b0000 - 0x000000000426d000 	C:\Program Files\MATLAB\R2012b-64\bin\win64\boost_log-vc90-mt-1_44.dll
0x00000000774b0000 - 0x00000000774b7000 	C:\Windows\system32\PSAPI.DLL
0x000007feff3b0000 - 0x000007feff3fd000 	C:\Windows\system32\WS2_32.dll
0x000007fefe140000 - 0x000007fefe148000 	C:\Windows\system32\NSI.dll
0x0000000004270000 - 0x00000000042b6000 	C:\Program Files\MATLAB\R2012b-64\bin\win64\tbb.dll
0x000007fefe080000 - 0x000007fefe099000 	C:\Windows\system32\imagehlp.dll
0x0000000074260000 - 0x0000000074273000 	C:\Program Files\MATLAB\R2012b-64\bin\win64\icuio44.dll
0x000007fefbc40000 - 0x000007fefbd65000 	C:\Windows\system32\dbghelp.dll
0x0000000076c00000 - 0x0000000076cfa000 	C:\Windows\system32\USER32.dll
0x000007feff340000 - 0x000007feff3a7000 	C:\Windows\system32\GDI32.dll
0x000007fefe5a0000 - 0x000007fefe5ae000 	C:\Windows\system32\LPK.dll
0x000007fefe270000 - 0x000007fefe33a000 	C:\Windows\system32\USP10.dll
0x00000000047c0000 - 0x0000000004a9c000 	C:\Program Files\MATLAB\R2012b-64\bin\win64\libmwservices.dll
0x0000000075a20000 - 0x0000000075af3000 	C:\Program Files\MATLAB\R2012b-64\bin\win64\libmx.dll
0x0000000004aa0000 - 0x0000000004ac9000 	C:\Program Files\MATLAB\R2012b-64\bin\win64\tbbmalloc.dll
0x000000007a210000 - 0x000000007a228000 	C:\Program Files\MATLAB\R2012b-64\bin\win64\zlib1.dll
0x0000000004ae0000 - 0x0000000004b2d000 	C:\Program Files\MATLAB\R2012b-64\bin\win64\libmwregexp.dll
0x0000000004b40000 - 0x0000000004b63000 	C:\Program Files\MATLAB\R2012b-64\bin\win64\libmwmfl_scalar.dll
0x0000000075f10000 - 0x0000000075f60000 	C:\Program Files\MATLAB\R2012b-64\bin\win64\mpath.dll
0x000000007b680000 - 0x000000007bc9a000 	C:\Program Files\MATLAB\R2012b-64\bin\win64\mlutil.dll
0x00000000754d0000 - 0x0000000075551000 	C:\Program Files\MATLAB\R2012b-64\bin\win64\xmlcore.dll
0x0000000004bb0000 - 0x0000000004e03000 	C:\Program Files\MATLAB\R2012b-64\bin\win64\xerces-c_2_7.dll
0x0000000004e20000 - 0x0000000004e40000 	C:\Program Files\MATLAB\R2012b-64\bin\win64\libmwMATLAB_settings_res.dll
0x0000000004e50000 - 0x0000000004e60000 	C:\Program Files\MATLAB\R2012b-64\bin\win64\boost_iostreams-vc90-mt-1_44.dll
0x0000000004e70000 - 0x0000000004eb7000 	C:\Program Files\MATLAB\R2012b-64\bin\win64\boost_serialization-vc90-mt-1_44.dll
0x000007fefe5b0000 - 0x000007feff337000 	C:\Windows\system32\SHELL32.dll
0x000007fefe150000 - 0x000007fefe1c1000 	C:\Windows\system32\SHLWAPI.dll
0x000007fef4b30000 - 0x000007fef4bd0000 	C:\Windows\WinSxS\amd64_microsoft.windows.common-controls_6595b64144ccf1df_5.82.7600.16661_none_a44e1fc257f685f6\COMCTL32.dll
0x000007fefdfe0000 - 0x000007fefe078000 	C:\Windows\system32\COMDLG32.dll
0x000007fefaa10000 - 0x000007fefaa26000 	C:\Windows\system32\NETAPI32.dll
0x000007fefaa00000 - 0x000007fefaa0c000 	C:\Windows\system32\netutils.dll
0x000007fefd2c0000 - 0x000007fefd2e3000 	C:\Windows\system32\srvcli.dll
0x000007fefa9e0000 - 0x000007fefa9f5000 	C:\Windows\system32\wkscli.dll
0x000007fefe390000 - 0x000007fefe592000 	C:\Windows\system32\ole32.dll
0x000007fefdd20000 - 0x000007fefddf7000 	C:\Windows\system32\OLEAUT32.dll
0x0000000074970000 - 0x0000000074a31000 	C:\Program Files\MATLAB\R2012b-64\bin\win64\mcr.dll
0x0000000075000000 - 0x00000000753e9000 	C:\Program Files\MATLAB\R2012b-64\bin\win64\iqm.dll
0x0000000074e80000 - 0x0000000074f38000 	C:\Program Files\MATLAB\R2012b-64\bin\win64\m_dispatcher.dll
0x0000000074880000 - 0x000000007496d000 	C:\Program Files\MATLAB\R2012b-64\bin\win64\boost_regex-vc90-mt-1_44.dll
0x000007feea6d0000 - 0x000007feeaf41000 	C:\Program Files\MATLAB\R2012b-64\bin\win64\m_interpreter.dll
0x0000000074230000 - 0x0000000074257000 	C:\Program Files\MATLAB\R2012b-64\bin\win64\libmex.dll
0x0000000069680000 - 0x0000000069704000 	C:\Program Files\MATLAB\R2012b-64\bin\win64\profiler.dll
0x0000000004f40000 - 0x00000000051aa000 	C:\Program Files\MATLAB\R2012b-64\bin\win64\libmwmathutil.dll
0x0000000079f40000 - 0x0000000079f6e000 	C:\Program Files\MATLAB\R2012b-64\bin\win64\libmwmathrng.dll
0x00000000051d0000 - 0x00000000051e2000 	C:\Program Files\MATLAB\R2012b-64\bin\win64\libmwmfl_rng.dll
0x0000000074c10000 - 0x0000000074cee000 	C:\Program Files\MATLAB\R2012b-64\bin\win64\libmwmathcore.dll
0x0000000076160000 - 0x00000000761ca000 	C:\Program Files\MATLAB\R2012b-64\bin\win64\libmwspmatrix.dll
0x0000000075ea0000 - 0x0000000075f02000 	C:\Program Files\MATLAB\R2012b-64\bin\win64\libmwcholmod.dll
0x000000007a460000 - 0x000000007a46d000 	C:\Program Files\MATLAB\R2012b-64\bin\win64\libmwamd.dll
0x000000007a4b0000 - 0x000000007a4bc000 	C:\Program Files\MATLAB\R2012b-64\bin\win64\libmwcolamd.dll
0x000000007a290000 - 0x000000007a2a9000 	C:\Program Files\MATLAB\R2012b-64\bin\win64\libmwblas.dll
0x000000007a310000 - 0x000000007a321000 	C:\Program Files\MATLAB\R2012b-64\bin\win64\libmwbinder.dll
0x000000007a4d0000 - 0x000000007a4dc000 	C:\Program Files\MATLAB\R2012b-64\bin\win64\libmwompwrapper.dll
0x0000000005280000 - 0x0000000005305000 	C:\Program Files\MATLAB\R2012b-64\bin\win64\libmwlapack.dll
0x0000000074200000 - 0x0000000074221000 	C:\Program Files\MATLAB\R2012b-64\bin\win64\m_pcodeio.dll
0x0000000079b10000 - 0x0000000079b77000 	C:\Program Files\MATLAB\R2012b-64\bin\win64\m_ir.dll
0x00000000681f0000 - 0x0000000068860000 	C:\Program Files\MATLAB\R2012b-64\bin\win64\m_parser.dll
0x0000000074280000 - 0x000000007429a000 	C:\Program Files\MATLAB\R2012b-64\bin\win64\ir_xfmr.dll
0x000007feeb530000 - 0x000007feeb7c6000 	C:\Program Files\MATLAB\R2012b-64\bin\win64\mcos.dll
0x000000006f760000 - 0x000000006f771000 	C:\Program Files\MATLAB\R2012b-64\bin\win64\mtok.dll
0x000000006c2a0000 - 0x000000006c2d1000 	C:\Program Files\MATLAB\R2012b-64\bin\win64\m_pcodegen.dll
0x0000000079fb0000 - 0x0000000079fe6000 	C:\Program Files\MATLAB\R2012b-64\bin\win64\libmwbridge.dll
0x00000000690b0000 - 0x0000000069178000 	C:\Program Files\MATLAB\R2012b-64\bin\win64\udd.dll
0x0000000068090000 - 0x00000000681e2000 	C:\Program Files\MATLAB\R2012b-64\bin\win64\libmwgui.dll
0x00000000741e0000 - 0x00000000741f7000 	C:\Program Files\MATLAB\R2012b-64\bin\win64\graphics_util.dll
0x00000000657e0000 - 0x000000006623f000 	C:\Program Files\MATLAB\R2012b-64\bin\win64\hg.dll
0x00000000053e0000 - 0x0000000005448000 	C:\Program Files\MATLAB\R2012b-64\bin\win64\libmat.dll
0x0000000072d30000 - 0x0000000072f44000 	C:\Program Files\MATLAB\R2012b-64\bin\win64\hdf5dll.dll
0x0000000075710000 - 0x00000000757de000 	C:\Program Files\MATLAB\R2012b-64\bin\win64\jmi.dll
0x0000000005480000 - 0x000000000548d000 	C:\Program Files\MATLAB\R2012b-64\bin\win64\nativejava_services.dll
0x000000006c250000 - 0x000000006c296000 	C:\Program Files\MATLAB\R2012b-64\bin\win64\libmwhardcopy.dll
0x0000000069390000 - 0x00000000693f3000 	C:\Program Files\MATLAB\R2012b-64\bin\win64\libuij.dll
0x0000000067400000 - 0x0000000067664000 	C:\Program Files\MATLAB\R2012b-64\bin\win64\hgdatatypes.dll
0x0000000067f70000 - 0x000000006808f000 	C:\Program Files\MATLAB\R2012b-64\bin\win64\hgutils.dll
0x00000000692d0000 - 0x0000000069390000 	C:\Program Files\MATLAB\R2012b-64\bin\win64\udd_mi.dll
0x00000000054f0000 - 0x000000000552b000 	C:\Program Files\MATLAB\R2012b-64\bin\win64\libmwgbtutils.dll
0x0000000005540000 - 0x000000000555b000 	C:\Program Files\MATLAB\R2012b-64\bin\win64\libmwgbt.dll
0x0000000005570000 - 0x0000000005841000 	C:\Program Files\MATLAB\R2012b-64\bin\win64\uiw.dll
0x0000000072630000 - 0x000000007263f000 	C:\Program Files\MATLAB\R2012b-64\bin\win64\uinone.dll
0x0000000005870000 - 0x0000000005899000 	C:\Program Files\MATLAB\R2012b-64\bin\win64\libmwnativefiledialogs.dll
0x00000000058b0000 - 0x00000000058b8000 	C:\Program Files\MATLAB\R2012b-64\bin\win64\libmwplatform_res.dll
0x000007fefbe30000 - 0x000007fefbe48000 	C:\Windows\system32\MPR.dll
0x0000000066f10000 - 0x00000000673f4000 	C:\Windows\WinSxS\amd64_microsoft.vc90.mfc_1fc8b3b9a1e18e3b_9.0.30729.6161_none_044aad0bab1eb146\mfc90.dll
0x000007fefa740000 - 0x000007fefa747000 	C:\Windows\system32\MSIMG32.dll
0x000007fef9a10000 - 0x000007fef9a80000 	C:\Windows\system32\WINSPOOL.DRV
0x0000000069580000 - 0x00000000695a2000 	C:\Program Files\MATLAB\R2012b-64\bin\win64\mwoles05.DLL
0x0000000068a60000 - 0x0000000068add000 	C:\Program Files\MATLAB\R2012b-64\bin\win64\comcli.dll
0x00000000747f0000 - 0x000000007481f000 	C:\Windows\WinSxS\amd64_microsoft.vc90.atl_1fc8b3b9a1e18e3b_9.0.30729.6161_none_0a1fd3a3a768b895\ATL90.DLL
0x00000000741d0000 - 0x00000000741dc000 	C:\Program Files\MATLAB\R2012b-64\bin\win64\mlautoregister.dll
0x000007fefde00000 - 0x000007fefde2e000 	C:\Windows\system32\IMM32.DLL
0x000007feff4e0000 - 0x000007feff5e9000 	C:\Windows\system32\MSCTF.dll
0x000007fefb6b0000 - 0x000007fefb706000 	C:\Windows\system32\UxTheme.dll
0x000007fefb060000 - 0x000007fefb078000 	C:\Windows\system32\dwmapi.dll
0x0000000071370000 - 0x000000007137d000 	C:\Windows\WinSxS\amd64_microsoft.vc90.mfcloc_1fc8b3b9a1e18e3b_9.0.30729.6161_none_01c9581e60cbee58\MFC90ENU.DLL
0x000007fefd750000 - 0x000007fefd75f000 	C:\Windows\system32\profapi.dll
0x0000000005950000 - 0x000000000595f000 	C:\Program Files\MATLAB\R2012b-64\bin\win64\xmlxrcsc.dll
0x000007fefd680000 - 0x000007fefd68f000 	C:\Windows\system32\CRYPTBASE.dll
0x0000000005bc0000 - 0x0000000005bcd000 	C:\Program Files (x86)\WinSplit Revolution\WinSplitHook64.DLL
0x000007fefbe80000 - 0x000007fefc074000 	C:\Windows\WinSxS\amd64_microsoft.windows.common-controls_6595b64144ccf1df_6.0.7600.16661_none_fa62ad231704eab7\comctl32.dll
0x000007fefdb40000 - 0x000007fefdd17000 	C:\Windows\system32\SETUPAPI.dll
0x000007fefd840000 - 0x000007fefd876000 	C:\Windows\system32\CFGMGR32.dll
0x000007fefd920000 - 0x000007fefd93a000 	C:\Windows\system32\DEVOBJ.dll
0x000007fefe0a0000 - 0x000007fefe139000 	C:\Windows\system32\CLBCatQ.DLL
0x000007fefc430000 - 0x000007fefc55c000 	C:\Windows\system32\propsys.dll

VM Arguments:
jvm_args: -Xss512k -XX:PermSize=32m -Xms64m -XX:NewRatio=3 -XX:MaxPermSize=128m -Xmx196m -XX:MaxDirectMemorySize=2147400000 -Dsun.java2d.noddraw=true -Dsun.awt.nopixfmt=true -Xshare:off -Xrs -Dsun.awt.disableMixing=true -Djava.library.path=C:\Program Files\MATLAB\R2012b-64\bin\win64;C:\Program Files\MATLAB\R2012b-64\sys\jxbrowser\win64\lib vfprintf abort 
java_command: <unknown>
Launcher Type: generic

Environment Variables:
CLASSPATH=.;C:\Program Files (x86)\Java\jre6\lib\ext\QTJava.zip
PATH=C:\Program Files (x86)\NVIDIA Corporation\PhysX\Common;C:\GTK\bin;C:\Program Files\ImageMagick-6.7.2-Q16;C:\Windows\system32;C:\Windows;C:\Windows\System32\Wbem;C:\Windows\System32\WindowsPowerShell\v1.0\;C:\Program Files\MATLAB\R2012b-64\runtime\win64;C:\Program Files\MATLAB\R2012b-64\bin;C:\Program Files (x86)\MATLAB\R2012b\runtime\win32;C:\Program Files (x86)\MATLAB\R2012b\bin;C:\Program Files\MATLAB\R2010b\runtime\win64;C:\Program Files\MATLAB\R2010b\bin;C:\Program Files\MATLAB\R2010a\runtime\win64;C:\Program Files\MATLAB\R2010a\bin;C:\Program Files\MATLAB\R2009b\bin;C:\Program Files\SlikSvn\bin\;C:\Program Files (x86)\MATLAB\R2010a-32\runtime\win32;C:\Program Files (x86)\MATLAB\R2010a-32\bin;C:\Program Files (x86)\ggobi;C:\Program Files (x86)\QuickTime\QTSystem\;C:\Program Files (x86)\SSH Communications Security\SSH Secure Shell;C:\Python27;C:\Python27\Scripts;D:\Python27;D:\Python27\Scripts
USERNAME=aman
OS=Windows_NT
PROCESSOR_IDENTIFIER=Intel64 Family 6 Model 23 Stepping 10, GenuineIntel



---------------  S Y S T E M  ---------------

OS: Windows 7 Build 7600 

CPU:total 4 (4 cores per cpu, 1 threads per core) family 6 model 23 stepping 10, cmov, cx8, fxsr, mmx, sse, sse2, sse3, ssse3, sse4.1

Memory: 4k page, physical 8091888k(4708048k free), swap 16181868k(12397560k free)

vm_info: Java HotSpot(TM) 64-Bit Server VM (14.3-b01) for windows-amd64 JRE (1.6.0_17-b04), built on Oct 11 2009 00:46:08 by "java_re" with MS VC++ 8.0

time: Fri Apr 12 18:59:58 2013
elapsed time: 28639 seconds

